kotlin version: 2.0.21
error message: java.lang.AssertionError: Metaspace
	at org.jetbrains.kotlin.com.intellij.openapi.diagnostic.DefaultLogger.error(DefaultLogger.java:83)
	at org.jetbrains.kotlin.com.intellij.openapi.diagnostic.Logger.error(Logger.java:436)
	at org.jetbrains.kotlin.com.intellij.openapi.util.ObjectTree.handleExceptions(ObjectTree.java:195)
	at org.jetbrains.kotlin.com.intellij.openapi.util.ObjectTree.runWithTrace(ObjectTree.java:141)
	at org.jetbrains.kotlin.com.intellij.openapi.util.ObjectTree.executeAll(ObjectTree.java:162)
	at org.jetbrains.kotlin.com.intellij.openapi.util.Disposer.dispose(Disposer.java:250)
	at org.jetbrains.kotlin.com.intellij.openapi.util.Disposer.dispose(Disposer.java:238)
	at org.jetbrains.kotlin.cli.common.CLICompiler.execImpl(CLICompiler.kt:130)
	at org.jetbrains.kotlin.cli.common.CLICompiler.execImpl(CLICompiler.kt:49)
	at org.jetbrains.kotlin.cli.common.CLITool.exec(CLITool.kt:101)
	at org.jetbrains.kotlin.cli.common.CLITool.exec(CLITool.kt:79)
	at org.jetbrains.kotlin.cli.common.CLICompiler.execAndOutputXml(CLICompiler.kt:65)
	at java.base/jdk.internal.reflect.DirectMethodHandleAccessor.invoke(DirectMethodHandleAccessor.java:103)
	at java.base/java.lang.reflect.Method.invoke(Method.java:580)
	at org.jetbrains.kotlin.compilerRunner.GradleKotlinCompilerWork.compileInProcessImpl(GradleKotlinCompilerWork.kt:391)
	at org.jetbrains.kotlin.compilerRunner.GradleKotlinCompilerWork.access$compileInProcessImpl(GradleKotlinCompilerWork.kt:85)
	at org.jetbrains.kotlin.compilerRunner.GradleKotlinCompilerWork$compileInProcess$future$1.call(GradleKotlinCompilerWork.kt:364)
	at org.jetbrains.kotlin.compilerRunner.GradleKotlinCompilerWork$compileInProcess$future$1.call(GradleKotlinCompilerWork.kt:363)
	at java.base/java.util.concurrent.FutureTask.run(FutureTask.java:317)
	at java.base/java.util.concurrent.ThreadPoolExecutor.runWorker(ThreadPoolExecutor.java:1144)
	at java.base/java.util.concurrent.ThreadPoolExecutor$Worker.run(ThreadPoolExecutor.java:642)
	at java.base/java.lang.Thread.run(Thread.java:1583)
Caused by: java.lang.OutOfMemoryError: Metaspace
	at java.base/java.lang.ClassLoader.defineClass1(Native Method)
	at java.base/java.lang.ClassLoader.defineClass(ClassLoader.java:1027)
	at java.base/java.security.SecureClassLoader.defineClass(SecureClassLoader.java:150)
	at java.base/java.net.URLClassLoader.defineClass(URLClassLoader.java:524)
	at java.base/java.net.URLClassLoader$1.run(URLClassLoader.java:427)
	at java.base/java.net.URLClassLoader$1.run(URLClassLoader.java:421)
	at java.base/java.security.AccessController.executePrivileged(AccessController.java:809)
	at java.base/java.security.AccessController.doPrivileged(AccessController.java:714)
	at java.base/java.net.URLClassLoader.findClass(URLClassLoader.java:420)
	at java.base/java.lang.ClassLoader.loadClass(ClassLoader.java:593)
	at java.base/java.lang.ClassLoader.loadClass(ClassLoader.java:526)
	at org.jetbrains.kotlin.com.intellij.psi.impl.file.impl.FileManagerImpl.clearViewProviders(FileManagerImpl.java:158)
	at org.jetbrains.kotlin.com.intellij.psi.impl.file.impl.FileManagerImpl.dispose(FileManagerImpl.java:153)
	at org.jetbrains.kotlin.com.intellij.psi.impl.PsiManagerImpl.dispose(PsiManagerImpl.java:75)
	at org.jetbrains.kotlin.com.intellij.openapi.util.ObjectTree.runWithTrace(ObjectTree.java:130)
	at org.jetbrains.kotlin.com.intellij.openapi.util.ObjectTree.executeAll(ObjectTree.java:162)
	at org.jetbrains.kotlin.com.intellij.openapi.util.Disposer.dispose(Disposer.java:250)
	at org.jetbrains.kotlin.com.intellij.openapi.util.Disposer.dispose(Disposer.java:238)
	at org.jetbrains.kotlin.cli.common.CLICompiler.execImpl(CLICompiler.kt:130)
	at org.jetbrains.kotlin.cli.common.CLICompiler.execImpl(CLICompiler.kt:49)
	at org.jetbrains.kotlin.cli.common.CLITool.exec(CLITool.kt:101)
	at org.jetbrains.kotlin.cli.common.CLITool.exec(CLITool.kt:79)
	at org.jetbrains.kotlin.cli.common.CLICompiler.execAndOutputXml(CLICompiler.kt:65)
	at java.base/java.lang.invoke.DirectMethodHandle$Holder.invokeSpecial(DirectMethodHandle$Holder)
	at java.base/java.lang.invoke.LambdaForm$MH/0x000000a003692800.invoke(LambdaForm$MH)
	at java.base/java.lang.invoke.LambdaForm$MH/0x000000a0010f8c00.invokeExact_MT(LambdaForm$MH)
	at java.base/jdk.internal.reflect.DirectMethodHandleAccessor.invokeImpl(DirectMethodHandleAccessor.java:156)
	at java.base/jdk.internal.reflect.DirectMethodHandleAccessor.invoke(DirectMethodHandleAccessor.java:103)
	at java.base/java.lang.reflect.Method.invoke(Method.java:580)
	at org.jetbrains.kotlin.compilerRunner.GradleKotlinCompilerWork.compileInProcessImpl(GradleKotlinCompilerWork.kt:391)
	at org.jetbrains.kotlin.compilerRunner.GradleKotlinCompilerWork.access$compileInProcessImpl(GradleKotlinCompilerWork.kt:85)
	at org.jetbrains.kotlin.compilerRunner.GradleKotlinCompilerWork$compileInProcess$future$1.call(GradleKotlinCompilerWork.kt:364)


